
Showing logs for build [32mcb-kubecd-bdd-nh-1588094675-pr-fqhpm-1[0m stage [32mfrom-build-pack[0m and container [32mstep-credential-initializer-lnzp4[0m
{"level":"info","ts":1588101722.2731717,"logger":"fallback-logger","caller":"logging/config.go:69","msg":"Fetch GitHub commit ID from kodata failed: open /var/run/ko/refs/heads/0.8.0-ns-support: no such file or directory"}
{"level":"info","ts":1588101722.2734828,"logger":"fallback-logger","caller":"creds-init/main.go:40","msg":"Credentials initialized."}

Showing logs for build [32mcb-kubecd-bdd-nh-1588094675-pr-fqhpm-1[0m stage [32mfrom-build-pack[0m and container [32mstep-working-dir-initializer-glndw[0m
{"level":"info","ts":1588101723.2718968,"logger":"fallback-logger","caller":"logging/config.go:69","msg":"Fetch GitHub commit ID from kodata failed: open /var/run/ko/HEAD: no such file or directory"}
{"level":"info","ts":1588101723.272747,"logger":"fallback-logger","caller":"bash/main.go:64","msg":"Successfully executed command \"sh -c mkdir -p /workspace/source\"; output "}

Showing logs for build [32mcb-kubecd-bdd-nh-1588094675-pr-fqhpm-1[0m stage [32mfrom-build-pack[0m and container [32mstep-place-tools[0m

Showing logs for build [32mcb-kubecd-bdd-nh-1588094675-pr-fqhpm-1[0m stage [32mfrom-build-pack[0m and container [32mstep-git-source-cb-kubecd-bdd-nh-1588094675-pr-fqhpm-fgwqr[0m
{"level":"info","ts":1588101745.3368955,"logger":"fallback-logger","caller":"logging/config.go:69","msg":"Fetch GitHub commit ID from kodata failed: open /var/run/ko/refs/heads/0.8.0-ns-support: no such file or directory"}
{"level":"info","ts":1588101745.5874822,"logger":"fallback-logger","caller":"git/git.go:103","msg":"Successfully cloned https://github.com/cb-kubecd/bdd-nh-1588094675.git @ master in path /workspace/source"}

Showing logs for build [32mcb-kubecd-bdd-nh-1588094675-pr-fqhpm-1[0m stage [32mfrom-build-pack[0m and container [32mstep-git-merge[0m
Using SHAs from PULL_REFS=master:561fb07229c65d0f29bae0f37e7177868cff69f8,1:b3d47bf327e80fe86d1d48ce38a903b9984cbdec
DEBUG: LC_ALL=C JX_LOG_LEVEL=error git fetch origin --unshallow b3d47bf327e80fe86d1d48ce38a903b9984cbdec: 561fb07229c65d0f29bae0f37e7177868cff69f8:
DEBUG: ran git fetch --unshallow origin b3d47bf327e80fe86d1d48ce38a903b9984cbdec: 561fb07229c65d0f29bae0f37e7177868cff69f8: in 
DEBUG: LC_ALL=C JX_LOG_LEVEL=error git branch
DEBUG: LC_ALL=C JX_LOG_LEVEL=error git checkout master
DEBUG: ran git checkout master in 
DEBUG: LC_ALL=C JX_LOG_LEVEL=error git reset --hard 561fb07229c65d0f29bae0f37e7177868cff69f8
DEBUG: ran git reset --hard 561fb07229c65d0f29bae0f37e7177868cff69f8 in 
DEBUG: JX_LOG_LEVEL=error LC_ALL=C git clean -fd .
DEBUG: ran clean --force -d . in 
DEBUG: JX_LOG_LEVEL=error LC_ALL=C git merge b3d47bf327e80fe86d1d48ce38a903b9984cbdec
DEBUG: ran git merge b3d47bf327e80fe86d1d48ce38a903b9984cbdec in 
DEBUG: LC_ALL=C JX_LOG_LEVEL=error git log --format=%H%x1f%an%x1f%ae%x1f%cn%x1f%ce%x1f%s%n%b%x1e 561fb07229c65d0f29bae0f37e7177868cff69f8..HEAD
Merged SHA b3d47bf327e80fe86d1d48ce38a903b9984cbdec with commit message 'My first PR commit' into base branch master

Showing logs for build [32mcb-kubecd-bdd-nh-1588094675-pr-fqhpm-1[0m stage [32mfrom-build-pack[0m and container [32mstep-build-npmrc[0m
Command "credential" is deprecated, it will be removed on Jun 1 2020.  This is replaced by Tekton's mounted secrets
WARNING: failed to find Secret npm-token in namespace **

Showing logs for build [32mcb-kubecd-bdd-nh-1588094675-pr-fqhpm-1[0m stage [32mfrom-build-pack[0m and container [32mstep-build-npm-install[0m
npm notice created a lockfile as package-lock.json. You should commit this file.
npm WARN REPLACE_ME@1.0.0 No repository field.
npm WARN REPLACE_ME@1.0.0 No license field.

up to date in 0.245s
found 0 vulnerabilities


Showing logs for build [32mcb-kubecd-bdd-nh-1588094675-pr-fqhpm-1[0m stage [32mfrom-build-pack[0m and container [32mstep-build-npm-test[0m

> REPLACE_ME@1.0.0 test /workspace/source
> echo "no test specified" && exit 0

no test specified

Showing logs for build [32mcb-kubecd-bdd-nh-1588094675-pr-fqhpm-1[0m stage [32mfrom-build-pack[0m and container [32mstep-build-container-build[0m
[36mINFO[0m[0000] Resolved base name node:9-slim to node:9-slim 
[36mINFO[0m[0000] Using dockerignore file: /workspace/source/.dockerignore 
[36mINFO[0m[0000] Resolved base name node:9-slim to node:9-slim 
[36mINFO[0m[0000] Retrieving image manifest node:9-slim        
[36mINFO[0m[0000] Retrieving image manifest node:9-slim        
[36mINFO[0m[0000] Built cross stage deps: map[]                
[36mINFO[0m[0000] Retrieving image manifest node:9-slim        
[36mINFO[0m[0001] Retrieving image manifest node:9-slim        
[36mINFO[0m[0001] cmd: EXPOSE                                  
[36mINFO[0m[0001] Adding exposed port: 8080/tcp                
[36mINFO[0m[0001] Checking for cached layer 296178596335.dkr.ecr.us-east-1.amazonaws.com/todo/cache:388c23a33995b9bcb67e9f445f7f38852cb6f5008e3993e933ebd0de6cedfaf8... 
[36mINFO[0m[0002] No cached layer found for cmd COPY . .       
[36mINFO[0m[0002] Unpacking rootfs as cmd COPY . . requires it. 
[36mINFO[0m[0005] Taking snapshot of full filesystem...        
[36mINFO[0m[0005] Resolving paths                              
[36mINFO[0m[0007] ENV PORT 8080                                
[36mINFO[0m[0007] No files changed in this command, skipping snapshotting. 
[36mINFO[0m[0007] EXPOSE 8080                                  
[36mINFO[0m[0007] cmd: EXPOSE                                  
[36mINFO[0m[0007] Adding exposed port: 8080/tcp                
[36mINFO[0m[0007] No files changed in this command, skipping snapshotting. 
[36mINFO[0m[0007] WORKDIR /usr/src/app                         
[36mINFO[0m[0007] cmd: workdir                                 
[36mINFO[0m[0007] Changed working directory to /usr/src/app    
[36mINFO[0m[0007] Creating directory /usr/src/app              
[36mINFO[0m[0007] Resolving paths                              
[36mINFO[0m[0007] Taking snapshot of files...                  
[36mINFO[0m[0007] COPY . .                                     
[36mINFO[0m[0007] Resolving paths                              
[36mINFO[0m[0007] Taking snapshot of files...                  
[36mINFO[0m[0007] Pushing layer 296178596335.dkr.ecr.us-east-1.amazonaws.com/todo/cache:388c23a33995b9bcb67e9f445f7f38852cb6f5008e3993e933ebd0de6cedfaf8 to cache now 
[36mINFO[0m[0007] CMD ["npm", "start"]                         
[36mINFO[0m[0007] No files changed in this command, skipping snapshotting. 
[33mWARN[0m[0007] error uploading layer to cache: failed to push to destination 296178596335.dkr.ecr.us-east-1.amazonaws.com/todo/cache:388c23a33995b9bcb67e9f445f7f38852cb6f5008e3993e933ebd0de6cedfaf8: NAME_UNKNOWN: The repository with name 'todo/cache' does not exist in the registry with id '296178596335' 

Showing logs for build [32mcb-kubecd-bdd-nh-1588094675-pr-fqhpm-1[0m stage [32mfrom-build-pack[0m and container [32mstep-postbuild-post-build[0m
no CVE provider running in the current ** namespace so skip adding image to be analysed

Showing logs for build [32mcb-kubecd-bdd-nh-1588094675-pr-fqhpm-1[0m stage [32mfrom-build-pack[0m and container [32mstep-promote-make-preview[0m
sed -i -e "s/version:.*/version: 0.0.0-SNAPSHOT-PR-1-1/" Chart.yaml
sed -i -e "s/version:.*/version: 0.0.0-SNAPSHOT-PR-1-1/" ../*/Chart.yaml
sed -i -e "s|repository:.*|repository: 296178596335.dkr.ecr.us-east-1.amazonaws.com\/cb-kubecd\/bdd-nh-1588094675|" values.yaml
sed -i -e "s/tag:.*/tag: 0.0.0-SNAPSHOT-PR-1-1/" values.yaml
echo "  version: 0.0.0-SNAPSHOT-PR-1-1" >> requirements.yaml
** step helm build
WARNING: No $CHART_REPOSITORY defined so using the default value of: http://jenkins-x-chartmuseum:8080
Adding missing Helm repo: storage.googleapis.com https://storage.googleapis.com/chartmuseum.jenkins-x.io
WARNING: No secrets found on "helm/repos" due: reading the secret "helm/repos" from vault: no secret "helm/repos" not found in vault
Read credentials for https://storage.googleapis.com/chartmuseum.jenkins-x.io from vault helm/repos
Successfully added Helm repository storage.googleapis.com.
Adding missing Helm repo: jenkins-x-chartmuseum http://jenkins-x-chartmuseum:8080
WARNING: No secrets found on "helm/repos" due: reading the secret "helm/repos" from vault: no secret "helm/repos" not found in vault
Read credentials for http://jenkins-x-chartmuseum:8080 from vault helm/repos
Successfully added Helm repository jenkins-x-chartmuseum.
WARNING: No $CHART_REPOSITORY defined so using the default value of: http://jenkins-x-chartmuseum:8080
Adding missing Helm repo: chartmuseum.jenkins-x.io http://chartmuseum.jenkins-x.io
WARNING: No secrets found on "helm/repos" due: reading the secret "helm/repos" from vault: no secret "helm/repos" not found in vault
Read credentials for http://chartmuseum.jenkins-x.io from vault helm/repos
Successfully added Helm repository chartmuseum.jenkins-x.io.

Showing logs for build [32mcb-kubecd-bdd-nh-1588094675-pr-fqhpm-1[0m stage [32mfrom-build-pack[0m and container [32mstep-promote-jx-preview[0m
Creating a preview
Created environment cb-kubecd-bdd-nh-1588094675-pr-1
Namespace **-cb-kubecd-bdd-nh-1588094675-pr-1 created 
expose:
  Annotations:
    helm.sh/hook: post-install,post-upgrade
    helm.sh/hook-delete-policy: hook-succeeded
  config:
    domain: 18.213.39.234.nip.io
    exposer: Ingress
    http: "true"
preview:
  image:
    repository: 296178596335.dkr.ecr.us-east-1.amazonaws.com/cb-kubecd/bdd-nh-1588094675
    tag: 0.0.0-SNAPSHOT-PR-1-1

Updating PipelineActivities cb-kubecd-bdd-nh-1588094675-pr-1-1 which has status 
WARNING: preview application http://bdd-nh-1588094675.**-cb-kubecd-bdd-nh-1588094675-pr-1.18.213.39.234.nip.io not available, error was 503 503 Service Temporarily Unavailable, delaying for: 781.330294ms
WARNING: preview application http://bdd-nh-1588094675.**-cb-kubecd-bdd-nh-1588094675-pr-1.18.213.39.234.nip.io not available, error was 503 503 Service Temporarily Unavailable, delaying for: 1.687642543s
WARNING: preview application http://bdd-nh-1588094675.**-cb-kubecd-bdd-nh-1588094675-pr-1.18.213.39.234.nip.io not available, error was 503 503 Service Temporarily Unavailable, delaying for: 2.765656635s
Preview application is now available at: http://bdd-nh-1588094675.**-cb-kubecd-bdd-nh-1588094675-pr-1.18.213.39.234.nip.io
